2023-11-13T20:05:44.328451Z 0 [Warning] [MY-010918] [Server] 'default_authentication_plugin' is deprecated and will be removed in a future release. Please use authentication_policy instead.
2023-11-13T20:05:44.328468Z 0 [System] [MY-010116] [Server] C:\Users\danyv\OneDrive\Desktop\DashboardTransito\UniServerZ\core\mysql\bin\mysqld_z.exe (mysqld 8.0.29) starting as process 20100
2023-11-13T20:05:44.351843Z 0 [Warning] [MY-010075] [Server] No existing UUID has been found, so we assume that this is the first time that this server has been started. Generating a new UUID: 0726c305-8260-11ee-ad5d-c8e26549691f.
2023-11-13T20:05:44.363342Z 1 [System] [MY-013576] [InnoDB] InnoDB initialization has started.
2023-11-13T20:05:44.579370Z 1 [System] [MY-013577] [InnoDB] InnoDB initialization has ended.
2023-11-13T20:05:44.924327Z 0 [ERROR] [MY-011947] [InnoDB] Cannot open 'C:\Users\danyv\OneDrive\Desktop\DashboardTransito\UniServerZ\core\mysql\data\ib_buffer_pool' for reading: No such file or directory
2023-11-13T20:05:45.124859Z 0 [Warning] [MY-010068] [Server] CA certificate ca.pem is self signed.
2023-11-13T20:05:45.125393Z 0 [System] [MY-013602] [Server] Channel mysql_main configured to support TLS. Encrypted connections are now supported for this channel.
2023-11-13T20:05:45.215060Z 0 [System] [MY-011323] [Server] X Plugin ready for connections. Bind-address: '::' port: 33060
2023-11-13T20:05:45.215255Z 0 [System] [MY-010931] [Server] C:\Users\danyv\OneDrive\Desktop\DashboardTransito\UniServerZ\core\mysql\bin\mysqld_z.exe: ready for connections. Version: '8.0.29'  socket: ''  port: 3306  MySQL Community Server - GPL.
2023-11-13T20:05:55.579520Z 0 [Warning] [MY-010918] [Server] 'default_authentication_plugin' is deprecated and will be removed in a future release. Please use authentication_policy instead.
2023-11-13T20:05:55.579534Z 0 [System] [MY-010116] [Server] C:\Users\danyv\OneDrive\Desktop\DashboardTransito\UniServerZ\core\mysql\bin\mysqld_z.exe (mysqld 8.0.29) starting as process 32684
2023-11-13T20:05:55.590960Z 1 [System] [MY-013576] [InnoDB] InnoDB initialization has started.
2023-11-13T20:05:55.909647Z 1 [System] [MY-013577] [InnoDB] InnoDB initialization has ended.
2023-11-13T20:05:56.278938Z 0 [System] [MY-010229] [Server] Starting XA crash recovery...
2023-11-13T20:05:56.283305Z 0 [System] [MY-010232] [Server] XA crash recovery finished.
2023-11-13T20:05:56.291217Z 0 [ERROR] [MY-011947] [InnoDB] Cannot open 'C:\Users\danyv\OneDrive\Desktop\DashboardTransito\UniServerZ\core\mysql\data\ib_buffer_pool' for reading: No such file or directory
2023-11-13T20:05:56.370535Z 0 [Warning] [MY-010068] [Server] CA certificate ca.pem is self signed.
2023-11-13T20:05:56.370972Z 0 [System] [MY-013602] [Server] Channel mysql_main configured to support TLS. Encrypted connections are now supported for this channel.
2023-11-13T20:05:56.420869Z 0 [System] [MY-011323] [Server] X Plugin ready for connections. Bind-address: '::' port: 33060
2023-11-13T20:05:56.421297Z 0 [System] [MY-010931] [Server] C:\Users\danyv\OneDrive\Desktop\DashboardTransito\UniServerZ\core\mysql\bin\mysqld_z.exe: ready for connections. Version: '8.0.29'  socket: ''  port: 3306  MySQL Community Server - GPL.
2023-11-13T20:40:03.353094Z 8 [System] [MY-013172] [Server] Received SHUTDOWN from user root. Shutting down mysqld (Version: 8.0.29).
2023-11-13T20:40:03.353949Z 0 [System] [MY-013105] [Server] C:\Users\danyv\OneDrive\Desktop\DashboardTransito\UniServerZ\core\mysql\bin\mysqld_z.exe: Normal shutdown.
2023-11-13T20:40:03.892757Z 0 [System] [MY-010910] [Server] C:\Users\danyv\OneDrive\Desktop\DashboardTransito\UniServerZ\core\mysql\bin\mysqld_z.exe: Shutdown complete (mysqld 8.0.29)  MySQL Community Server - GPL.
2023-11-13T20:40:09.235305Z 0 [Warning] [MY-010918] [Server] 'default_authentication_plugin' is deprecated and will be removed in a future release. Please use authentication_policy instead.
2023-11-13T20:40:09.235319Z 0 [System] [MY-010116] [Server] C:\Users\danyv\OneDrive\Desktop\DashboardTransito\UniServerZ\core\mysql\bin\mysqld_z.exe (mysqld 8.0.29) starting as process 4764
2023-11-13T20:40:09.249222Z 1 [System] [MY-013576] [InnoDB] InnoDB initialization has started.
2023-11-13T20:40:09.437648Z 1 [System] [MY-013577] [InnoDB] InnoDB initialization has ended.
2023-11-13T20:40:09.813789Z 0 [Warning] [MY-010068] [Server] CA certificate ca.pem is self signed.
2023-11-13T20:40:09.814261Z 0 [System] [MY-013602] [Server] Channel mysql_main configured to support TLS. Encrypted connections are now supported for this channel.
2023-11-13T20:40:09.867964Z 0 [System] [MY-011323] [Server] X Plugin ready for connections. Bind-address: '::' port: 33060
2023-11-13T20:40:09.868195Z 0 [System] [MY-010931] [Server] C:\Users\danyv\OneDrive\Desktop\DashboardTransito\UniServerZ\core\mysql\bin\mysqld_z.exe: ready for connections. Version: '8.0.29'  socket: ''  port: 3306  MySQL Community Server - GPL.
2023-11-13T20:43:32.043067Z 8 [System] [MY-013172] [Server] Received SHUTDOWN from user root. Shutting down mysqld (Version: 8.0.29).
2023-11-13T20:43:32.043952Z 0 [System] [MY-013105] [Server] C:\Users\danyv\OneDrive\Desktop\DashboardTransito\UniServerZ\core\mysql\bin\mysqld_z.exe: Normal shutdown.
2023-11-13T20:43:33.118816Z 0 [System] [MY-010910] [Server] C:\Users\danyv\OneDrive\Desktop\DashboardTransito\UniServerZ\core\mysql\bin\mysqld_z.exe: Shutdown complete (mysqld 8.0.29)  MySQL Community Server - GPL.
