[Mon Nov 13 14:06:01.342829 2023] [mpm_winnt:notice] [pid 19260:tid 500] AH00455: Apache/2.4.53 (Win32) PHP/8.1.6 configured -- resuming normal operations
[Mon Nov 13 14:06:01.342829 2023] [mpm_winnt:notice] [pid 19260:tid 500] AH00456: Apache Lounge VS16 Server built: May  4 2022 09:49:57
[Mon Nov 13 14:06:01.342829 2023] [core:notice] [pid 19260:tid 500] AH00094: Command line: 'C:\\Users\\danyv\\OneDrive\\Desktop\\DashboardTransito\\UniServerZ\\core\\apache2\\bin\\httpd_z.exe -d C:/Users/danyv/OneDrive/Desktop/DashboardTransito/UniServerZ/core/apache2 -f C:\\Users\\danyv\\OneDrive\\Desktop\\DashboardTransito\\UniServerZ\\core\\apache2\\conf\\httpd.conf -d C:\\Users\\danyv\\OneDrive\\Desktop\\DashboardTransito\\UniServerZ\\core\\apache2'
[Mon Nov 13 14:06:01.354337 2023] [mpm_winnt:notice] [pid 19260:tid 500] AH00418: Parent: Created child process 14456
[Mon Nov 13 14:06:01.884417 2023] [mpm_winnt:notice] [pid 14456:tid 440] AH00354: Child: Starting 150 worker threads.
[Mon Nov 13 14:06:55.297439 2023] [php:warn] [pid 14456:tid 1932] [client ::1:56801] PHP Warning:  include(Dashboard.php): Failed to open stream: No such file or directory in C:\\Users\\danyv\\OneDrive\\Desktop\\DashboardTransito\\UniServerZ\\www\\main.php on line 20
[Mon Nov 13 14:06:55.298445 2023] [php:warn] [pid 14456:tid 1932] [client ::1:56801] PHP Warning:  include(): Failed opening 'Dashboard.php' for inclusion (include_path='.;C:/Users/danyv/OneDrive/Desktop/DashboardTransito/UniServerZ/home/us_pear/PEAR') in C:\\Users\\danyv\\OneDrive\\Desktop\\DashboardTransito\\UniServerZ\\www\\main.php on line 20
[Mon Nov 13 14:06:55.298445 2023] [php:warn] [pid 14456:tid 1932] [client ::1:56801] PHP Warning:  Undefined variable $numHombres in C:\\Users\\danyv\\OneDrive\\Desktop\\DashboardTransito\\UniServerZ\\www\\main.php on line 22
[Mon Nov 13 14:06:55.298445 2023] [php:warn] [pid 14456:tid 1932] [client ::1:56801] PHP Warning:  Undefined variable $numMujeres in C:\\Users\\danyv\\OneDrive\\Desktop\\DashboardTransito\\UniServerZ\\www\\main.php on line 23
[Mon Nov 13 14:06:55.298445 2023] [php:warn] [pid 14456:tid 1932] [client ::1:56801] PHP Warning:  Undefined variable $rango0a10 in C:\\Users\\danyv\\OneDrive\\Desktop\\DashboardTransito\\UniServerZ\\www\\main.php on line 25
[Mon Nov 13 14:06:55.298445 2023] [php:warn] [pid 14456:tid 1932] [client ::1:56801] PHP Warning:  Undefined variable $rango10a20 in C:\\Users\\danyv\\OneDrive\\Desktop\\DashboardTransito\\UniServerZ\\www\\main.php on line 26
[Mon Nov 13 14:06:55.298445 2023] [php:warn] [pid 14456:tid 1932] [client ::1:56801] PHP Warning:  Undefined variable $rango20a40 in C:\\Users\\danyv\\OneDrive\\Desktop\\DashboardTransito\\UniServerZ\\www\\main.php on line 27
[Mon Nov 13 14:06:55.298445 2023] [php:warn] [pid 14456:tid 1932] [client ::1:56801] PHP Warning:  Undefined variable $rango40a60 in C:\\Users\\danyv\\OneDrive\\Desktop\\DashboardTransito\\UniServerZ\\www\\main.php on line 28
[Mon Nov 13 14:06:55.298445 2023] [php:warn] [pid 14456:tid 1932] [client ::1:56801] PHP Warning:  Undefined variable $rango60oMas in C:\\Users\\danyv\\OneDrive\\Desktop\\DashboardTransito\\UniServerZ\\www\\main.php on line 29
[Mon Nov 13 14:06:55.298445 2023] [php:warn] [pid 14456:tid 1932] [client ::1:56801] PHP Warning:  Undefined variable $cantidadOccisos in C:\\Users\\danyv\\OneDrive\\Desktop\\DashboardTransito\\UniServerZ\\www\\main.php on line 31
[Mon Nov 13 14:06:55.298445 2023] [php:warn] [pid 14456:tid 1932] [client ::1:56801] PHP Warning:  Undefined variable $cantidadLesionados in C:\\Users\\danyv\\OneDrive\\Desktop\\DashboardTransito\\UniServerZ\\www\\main.php on line 32
[Mon Nov 13 14:06:55.298445 2023] [php:warn] [pid 14456:tid 1932] [client ::1:56801] PHP Warning:  Undefined variable $cantidadnoHeridos in C:\\Users\\danyv\\OneDrive\\Desktop\\DashboardTransito\\UniServerZ\\www\\main.php on line 33
[Mon Nov 13 14:06:55.298445 2023] [php:warn] [pid 14456:tid 1932] [client ::1:56801] PHP Warning:  Undefined variable $cantidadPasajeros in C:\\Users\\danyv\\OneDrive\\Desktop\\DashboardTransito\\UniServerZ\\www\\main.php on line 35
[Mon Nov 13 14:06:55.298445 2023] [php:warn] [pid 14456:tid 1932] [client ::1:56801] PHP Warning:  Undefined variable $cantidadConductores in C:\\Users\\danyv\\OneDrive\\Desktop\\DashboardTransito\\UniServerZ\\www\\main.php on line 36
[Mon Nov 13 14:06:55.298445 2023] [php:warn] [pid 14456:tid 1932] [client ::1:56801] PHP Warning:  Undefined variable $cantidadPeatones in C:\\Users\\danyv\\OneDrive\\Desktop\\DashboardTransito\\UniServerZ\\www\\main.php on line 37
[Mon Nov 13 14:06:55.298445 2023] [php:warn] [pid 14456:tid 1932] [client ::1:56801] PHP Warning:  Undefined variable $cantidadCiclista in C:\\Users\\danyv\\OneDrive\\Desktop\\DashboardTransito\\UniServerZ\\www\\main.php on line 38
[Mon Nov 13 14:06:55.298445 2023] [php:warn] [pid 14456:tid 1932] [client ::1:56801] PHP Warning:  Undefined variable $cantidadMotociclista in C:\\Users\\danyv\\OneDrive\\Desktop\\DashboardTransito\\UniServerZ\\www\\main.php on line 39
[Mon Nov 13 14:06:55.298445 2023] [php:warn] [pid 14456:tid 1932] [client ::1:56801] PHP Warning:  Undefined variable $cantidadPasajerosLesionados in C:\\Users\\danyv\\OneDrive\\Desktop\\DashboardTransito\\UniServerZ\\www\\main.php on line 41
[Mon Nov 13 14:06:55.298445 2023] [php:warn] [pid 14456:tid 1932] [client ::1:56801] PHP Warning:  Undefined variable $cantidadConductoresLesionados in C:\\Users\\danyv\\OneDrive\\Desktop\\DashboardTransito\\UniServerZ\\www\\main.php on line 42
[Mon Nov 13 14:06:55.298445 2023] [php:warn] [pid 14456:tid 1932] [client ::1:56801] PHP Warning:  Undefined variable $cantidadPeatonesLesionados in C:\\Users\\danyv\\OneDrive\\Desktop\\DashboardTransito\\UniServerZ\\www\\main.php on line 43
[Mon Nov 13 14:06:55.298445 2023] [php:warn] [pid 14456:tid 1932] [client ::1:56801] PHP Warning:  Undefined variable $cantidadCiclistaLesionados in C:\\Users\\danyv\\OneDrive\\Desktop\\DashboardTransito\\UniServerZ\\www\\main.php on line 44
[Mon Nov 13 14:06:55.298445 2023] [php:warn] [pid 14456:tid 1932] [client ::1:56801] PHP Warning:  Undefined variable $cantidadMotociclistaLesionados in C:\\Users\\danyv\\OneDrive\\Desktop\\DashboardTransito\\UniServerZ\\www\\main.php on line 45
[Mon Nov 13 14:06:55.298445 2023] [php:warn] [pid 14456:tid 1932] [client ::1:56801] PHP Warning:  Undefined variable $choques2018 in C:\\Users\\danyv\\OneDrive\\Desktop\\DashboardTransito\\UniServerZ\\www\\main.php on line 47
[Mon Nov 13 14:06:55.298445 2023] [php:warn] [pid 14456:tid 1932] [client ::1:56801] PHP Warning:  Undefined variable $derrapes2018 in C:\\Users\\danyv\\OneDrive\\Desktop\\DashboardTransito\\UniServerZ\\www\\main.php on line 48
[Mon Nov 13 14:06:55.298445 2023] [php:warn] [pid 14456:tid 1932] [client ::1:56801] PHP Warning:  Undefined variable $atropellos2018 in C:\\Users\\danyv\\OneDrive\\Desktop\\DashboardTransito\\UniServerZ\\www\\main.php on line 49
[Mon Nov 13 14:06:55.298445 2023] [php:warn] [pid 14456:tid 1932] [client ::1:56801] PHP Warning:  Undefined variable $caidasc2018 in C:\\Users\\danyv\\OneDrive\\Desktop\\DashboardTransito\\UniServerZ\\www\\main.php on line 50
[Mon Nov 13 14:06:55.298445 2023] [php:warn] [pid 14456:tid 1932] [client ::1:56801] PHP Warning:  Undefined variable $volcaduras2018 in C:\\Users\\danyv\\OneDrive\\Desktop\\DashboardTransito\\UniServerZ\\www\\main.php on line 51
[Mon Nov 13 14:06:55.298445 2023] [php:warn] [pid 14456:tid 1932] [client ::1:56801] PHP Warning:  Undefined variable $caidasp2018 in C:\\Users\\danyv\\OneDrive\\Desktop\\DashboardTransito\\UniServerZ\\www\\main.php on line 52
[Mon Nov 13 14:06:55.298445 2023] [php:warn] [pid 14456:tid 1932] [client ::1:56801] PHP Warning:  Undefined variable $choques2019 in C:\\Users\\danyv\\OneDrive\\Desktop\\DashboardTransito\\UniServerZ\\www\\main.php on line 54
[Mon Nov 13 14:06:55.298445 2023] [php:warn] [pid 14456:tid 1932] [client ::1:56801] PHP Warning:  Undefined variable $derrapes2019 in C:\\Users\\danyv\\OneDrive\\Desktop\\DashboardTransito\\UniServerZ\\www\\main.php on line 55
[Mon Nov 13 14:06:55.298445 2023] [php:warn] [pid 14456:tid 1932] [client ::1:56801] PHP Warning:  Undefined variable $atropellos2019 in C:\\Users\\danyv\\OneDrive\\Desktop\\DashboardTransito\\UniServerZ\\www\\main.php on line 56
[Mon Nov 13 14:06:55.298445 2023] [php:warn] [pid 14456:tid 1932] [client ::1:56801] PHP Warning:  Undefined variable $caidasc2019 in C:\\Users\\danyv\\OneDrive\\Desktop\\DashboardTransito\\UniServerZ\\www\\main.php on line 57
[Mon Nov 13 14:06:55.298445 2023] [php:warn] [pid 14456:tid 1932] [client ::1:56801] PHP Warning:  Undefined variable $volcaduras2019 in C:\\Users\\danyv\\OneDrive\\Desktop\\DashboardTransito\\UniServerZ\\www\\main.php on line 58
[Mon Nov 13 14:06:55.298445 2023] [php:warn] [pid 14456:tid 1932] [client ::1:56801] PHP Warning:  Undefined variable $caidasp2019 in C:\\Users\\danyv\\OneDrive\\Desktop\\DashboardTransito\\UniServerZ\\www\\main.php on line 59
[Mon Nov 13 14:06:55.298445 2023] [php:warn] [pid 14456:tid 1932] [client ::1:56801] PHP Warning:  Undefined variable $choques2020 in C:\\Users\\danyv\\OneDrive\\Desktop\\DashboardTransito\\UniServerZ\\www\\main.php on line 61
[Mon Nov 13 14:06:55.298445 2023] [php:warn] [pid 14456:tid 1932] [client ::1:56801] PHP Warning:  Undefined variable $derrapes2020 in C:\\Users\\danyv\\OneDrive\\Desktop\\DashboardTransito\\UniServerZ\\www\\main.php on line 62
[Mon Nov 13 14:06:55.298445 2023] [php:warn] [pid 14456:tid 1932] [client ::1:56801] PHP Warning:  Undefined variable $atropellos2020 in C:\\Users\\danyv\\OneDrive\\Desktop\\DashboardTransito\\UniServerZ\\www\\main.php on line 63
[Mon Nov 13 14:06:55.298445 2023] [php:warn] [pid 14456:tid 1932] [client ::1:56801] PHP Warning:  Undefined variable $caidasc2020 in C:\\Users\\danyv\\OneDrive\\Desktop\\DashboardTransito\\UniServerZ\\www\\main.php on line 64
[Mon Nov 13 14:06:55.298445 2023] [php:warn] [pid 14456:tid 1932] [client ::1:56801] PHP Warning:  Undefined variable $volcaduras2020 in C:\\Users\\danyv\\OneDrive\\Desktop\\DashboardTransito\\UniServerZ\\www\\main.php on line 65
[Mon Nov 13 14:06:55.298445 2023] [php:warn] [pid 14456:tid 1932] [client ::1:56801] PHP Warning:  Undefined variable $caidasp2020 in C:\\Users\\danyv\\OneDrive\\Desktop\\DashboardTransito\\UniServerZ\\www\\main.php on line 66
[Mon Nov 13 14:06:55.298445 2023] [php:warn] [pid 14456:tid 1932] [client ::1:56801] PHP Warning:  Undefined variable $choques2021 in C:\\Users\\danyv\\OneDrive\\Desktop\\DashboardTransito\\UniServerZ\\www\\main.php on line 68
[Mon Nov 13 14:06:55.298445 2023] [php:warn] [pid 14456:tid 1932] [client ::1:56801] PHP Warning:  Undefined variable $derrapes2021 in C:\\Users\\danyv\\OneDrive\\Desktop\\DashboardTransito\\UniServerZ\\www\\main.php on line 69
[Mon Nov 13 14:06:55.298445 2023] [php:warn] [pid 14456:tid 1932] [client ::1:56801] PHP Warning:  Undefined variable $atropellos2021 in C:\\Users\\danyv\\OneDrive\\Desktop\\DashboardTransito\\UniServerZ\\www\\main.php on line 70
[Mon Nov 13 14:06:55.298445 2023] [php:warn] [pid 14456:tid 1932] [client ::1:56801] PHP Warning:  Undefined variable $caidasc2021 in C:\\Users\\danyv\\OneDrive\\Desktop\\DashboardTransito\\UniServerZ\\www\\main.php on line 71
[Mon Nov 13 14:06:55.298445 2023] [php:warn] [pid 14456:tid 1932] [client ::1:56801] PHP Warning:  Undefined variable $volcaduras2021 in C:\\Users\\danyv\\OneDrive\\Desktop\\DashboardTransito\\UniServerZ\\www\\main.php on line 72
[Mon Nov 13 14:06:55.298445 2023] [php:warn] [pid 14456:tid 1932] [client ::1:56801] PHP Warning:  Undefined variable $caidasp2021 in C:\\Users\\danyv\\OneDrive\\Desktop\\DashboardTransito\\UniServerZ\\www\\main.php on line 73
[Mon Nov 13 14:06:55.298445 2023] [php:warn] [pid 14456:tid 1932] [client ::1:56801] PHP Warning:  Undefined variable $choques2022 in C:\\Users\\danyv\\OneDrive\\Desktop\\DashboardTransito\\UniServerZ\\www\\main.php on line 75
[Mon Nov 13 14:06:55.298445 2023] [php:warn] [pid 14456:tid 1932] [client ::1:56801] PHP Warning:  Undefined variable $derrapes2022 in C:\\Users\\danyv\\OneDrive\\Desktop\\DashboardTransito\\UniServerZ\\www\\main.php on line 76
[Mon Nov 13 14:06:55.298445 2023] [php:warn] [pid 14456:tid 1932] [client ::1:56801] PHP Warning:  Undefined variable $atropellos2022 in C:\\Users\\danyv\\OneDrive\\Desktop\\DashboardTransito\\UniServerZ\\www\\main.php on line 77
[Mon Nov 13 14:06:55.298445 2023] [php:warn] [pid 14456:tid 1932] [client ::1:56801] PHP Warning:  Undefined variable $caidasc2022 in C:\\Users\\danyv\\OneDrive\\Desktop\\DashboardTransito\\UniServerZ\\www\\main.php on line 78
[Mon Nov 13 14:06:55.298445 2023] [php:warn] [pid 14456:tid 1932] [client ::1:56801] PHP Warning:  Undefined variable $volcaduras2022 in C:\\Users\\danyv\\OneDrive\\Desktop\\DashboardTransito\\UniServerZ\\www\\main.php on line 79
[Mon Nov 13 14:06:55.298445 2023] [php:warn] [pid 14456:tid 1932] [client ::1:56801] PHP Warning:  Undefined variable $caidasp2022 in C:\\Users\\danyv\\OneDrive\\Desktop\\DashboardTransito\\UniServerZ\\www\\main.php on line 80
[Mon Nov 13 14:39:53.150959 2023] [php:warn] [pid 14456:tid 1928] [client ::1:57500] PHP Warning:  include(Dashboard.php): Failed to open stream: No such file or directory in C:\\Users\\danyv\\OneDrive\\Desktop\\DashboardTransito\\UniServerZ\\www\\main.php on line 21
[Mon Nov 13 14:39:53.150959 2023] [php:warn] [pid 14456:tid 1928] [client ::1:57500] PHP Warning:  include(): Failed opening 'Dashboard.php' for inclusion (include_path='.;C:/Users/danyv/OneDrive/Desktop/DashboardTransito/UniServerZ/home/us_pear/PEAR') in C:\\Users\\danyv\\OneDrive\\Desktop\\DashboardTransito\\UniServerZ\\www\\main.php on line 21
[Mon Nov 13 14:39:53.150959 2023] [php:warn] [pid 14456:tid 1928] [client ::1:57500] PHP Warning:  Undefined variable $numHombres in C:\\Users\\danyv\\OneDrive\\Desktop\\DashboardTransito\\UniServerZ\\www\\main.php on line 23
[Mon Nov 13 14:39:53.150959 2023] [php:warn] [pid 14456:tid 1928] [client ::1:57500] PHP Warning:  Undefined variable $numMujeres in C:\\Users\\danyv\\OneDrive\\Desktop\\DashboardTransito\\UniServerZ\\www\\main.php on line 24
[Mon Nov 13 14:39:53.150959 2023] [php:warn] [pid 14456:tid 1928] [client ::1:57500] PHP Warning:  Undefined variable $rango0a10 in C:\\Users\\danyv\\OneDrive\\Desktop\\DashboardTransito\\UniServerZ\\www\\main.php on line 26
[Mon Nov 13 14:39:53.150959 2023] [php:warn] [pid 14456:tid 1928] [client ::1:57500] PHP Warning:  Undefined variable $rango10a20 in C:\\Users\\danyv\\OneDrive\\Desktop\\DashboardTransito\\UniServerZ\\www\\main.php on line 27
[Mon Nov 13 14:39:53.150959 2023] [php:warn] [pid 14456:tid 1928] [client ::1:57500] PHP Warning:  Undefined variable $rango20a40 in C:\\Users\\danyv\\OneDrive\\Desktop\\DashboardTransito\\UniServerZ\\www\\main.php on line 28
[Mon Nov 13 14:39:53.150959 2023] [php:warn] [pid 14456:tid 1928] [client ::1:57500] PHP Warning:  Undefined variable $rango40a60 in C:\\Users\\danyv\\OneDrive\\Desktop\\DashboardTransito\\UniServerZ\\www\\main.php on line 29
[Mon Nov 13 14:39:53.150959 2023] [php:warn] [pid 14456:tid 1928] [client ::1:57500] PHP Warning:  Undefined variable $rango60oMas in C:\\Users\\danyv\\OneDrive\\Desktop\\DashboardTransito\\UniServerZ\\www\\main.php on line 30
[Mon Nov 13 14:39:53.150959 2023] [php:warn] [pid 14456:tid 1928] [client ::1:57500] PHP Warning:  Undefined variable $cantidadOccisos in C:\\Users\\danyv\\OneDrive\\Desktop\\DashboardTransito\\UniServerZ\\www\\main.php on line 32
[Mon Nov 13 14:39:53.150959 2023] [php:warn] [pid 14456:tid 1928] [client ::1:57500] PHP Warning:  Undefined variable $cantidadLesionados in C:\\Users\\danyv\\OneDrive\\Desktop\\DashboardTransito\\UniServerZ\\www\\main.php on line 33
[Mon Nov 13 14:39:53.150959 2023] [php:warn] [pid 14456:tid 1928] [client ::1:57500] PHP Warning:  Undefined variable $cantidadnoHeridos in C:\\Users\\danyv\\OneDrive\\Desktop\\DashboardTransito\\UniServerZ\\www\\main.php on line 34
[Mon Nov 13 14:39:53.150959 2023] [php:warn] [pid 14456:tid 1928] [client ::1:57500] PHP Warning:  Undefined variable $cantidadPasajeros in C:\\Users\\danyv\\OneDrive\\Desktop\\DashboardTransito\\UniServerZ\\www\\main.php on line 36
[Mon Nov 13 14:39:53.150959 2023] [php:warn] [pid 14456:tid 1928] [client ::1:57500] PHP Warning:  Undefined variable $cantidadConductores in C:\\Users\\danyv\\OneDrive\\Desktop\\DashboardTransito\\UniServerZ\\www\\main.php on line 37
[Mon Nov 13 14:39:53.151970 2023] [php:warn] [pid 14456:tid 1928] [client ::1:57500] PHP Warning:  Undefined variable $cantidadPeatones in C:\\Users\\danyv\\OneDrive\\Desktop\\DashboardTransito\\UniServerZ\\www\\main.php on line 38
[Mon Nov 13 14:39:53.151970 2023] [php:warn] [pid 14456:tid 1928] [client ::1:57500] PHP Warning:  Undefined variable $cantidadCiclista in C:\\Users\\danyv\\OneDrive\\Desktop\\DashboardTransito\\UniServerZ\\www\\main.php on line 39
[Mon Nov 13 14:39:53.151970 2023] [php:warn] [pid 14456:tid 1928] [client ::1:57500] PHP Warning:  Undefined variable $cantidadMotociclista in C:\\Users\\danyv\\OneDrive\\Desktop\\DashboardTransito\\UniServerZ\\www\\main.php on line 40
[Mon Nov 13 14:39:53.151970 2023] [php:warn] [pid 14456:tid 1928] [client ::1:57500] PHP Warning:  Undefined variable $cantidadPasajerosLesionados in C:\\Users\\danyv\\OneDrive\\Desktop\\DashboardTransito\\UniServerZ\\www\\main.php on line 42
[Mon Nov 13 14:39:53.151970 2023] [php:warn] [pid 14456:tid 1928] [client ::1:57500] PHP Warning:  Undefined variable $cantidadConductoresLesionados in C:\\Users\\danyv\\OneDrive\\Desktop\\DashboardTransito\\UniServerZ\\www\\main.php on line 43
[Mon Nov 13 14:39:53.151970 2023] [php:warn] [pid 14456:tid 1928] [client ::1:57500] PHP Warning:  Undefined variable $cantidadPeatonesLesionados in C:\\Users\\danyv\\OneDrive\\Desktop\\DashboardTransito\\UniServerZ\\www\\main.php on line 44
[Mon Nov 13 14:39:53.151970 2023] [php:warn] [pid 14456:tid 1928] [client ::1:57500] PHP Warning:  Undefined variable $cantidadCiclistaLesionados in C:\\Users\\danyv\\OneDrive\\Desktop\\DashboardTransito\\UniServerZ\\www\\main.php on line 45
[Mon Nov 13 14:39:53.151970 2023] [php:warn] [pid 14456:tid 1928] [client ::1:57500] PHP Warning:  Undefined variable $cantidadMotociclistaLesionados in C:\\Users\\danyv\\OneDrive\\Desktop\\DashboardTransito\\UniServerZ\\www\\main.php on line 46
[Mon Nov 13 14:39:53.151970 2023] [php:warn] [pid 14456:tid 1928] [client ::1:57500] PHP Warning:  Undefined variable $choques2018 in C:\\Users\\danyv\\OneDrive\\Desktop\\DashboardTransito\\UniServerZ\\www\\main.php on line 48
[Mon Nov 13 14:39:53.151970 2023] [php:warn] [pid 14456:tid 1928] [client ::1:57500] PHP Warning:  Undefined variable $derrapes2018 in C:\\Users\\danyv\\OneDrive\\Desktop\\DashboardTransito\\UniServerZ\\www\\main.php on line 49
[Mon Nov 13 14:39:53.151970 2023] [php:warn] [pid 14456:tid 1928] [client ::1:57500] PHP Warning:  Undefined variable $atropellos2018 in C:\\Users\\danyv\\OneDrive\\Desktop\\DashboardTransito\\UniServerZ\\www\\main.php on line 50
[Mon Nov 13 14:39:53.151970 2023] [php:warn] [pid 14456:tid 1928] [client ::1:57500] PHP Warning:  Undefined variable $caidasc2018 in C:\\Users\\danyv\\OneDrive\\Desktop\\DashboardTransito\\UniServerZ\\www\\main.php on line 51
[Mon Nov 13 14:39:53.151970 2023] [php:warn] [pid 14456:tid 1928] [client ::1:57500] PHP Warning:  Undefined variable $volcaduras2018 in C:\\Users\\danyv\\OneDrive\\Desktop\\DashboardTransito\\UniServerZ\\www\\main.php on line 52
[Mon Nov 13 14:39:53.151970 2023] [php:warn] [pid 14456:tid 1928] [client ::1:57500] PHP Warning:  Undefined variable $caidasp2018 in C:\\Users\\danyv\\OneDrive\\Desktop\\DashboardTransito\\UniServerZ\\www\\main.php on line 53
[Mon Nov 13 14:39:53.151970 2023] [php:warn] [pid 14456:tid 1928] [client ::1:57500] PHP Warning:  Undefined variable $choques2019 in C:\\Users\\danyv\\OneDrive\\Desktop\\DashboardTransito\\UniServerZ\\www\\main.php on line 55
[Mon Nov 13 14:39:53.151970 2023] [php:warn] [pid 14456:tid 1928] [client ::1:57500] PHP Warning:  Undefined variable $derrapes2019 in C:\\Users\\danyv\\OneDrive\\Desktop\\DashboardTransito\\UniServerZ\\www\\main.php on line 56
[Mon Nov 13 14:39:53.151970 2023] [php:warn] [pid 14456:tid 1928] [client ::1:57500] PHP Warning:  Undefined variable $atropellos2019 in C:\\Users\\danyv\\OneDrive\\Desktop\\DashboardTransito\\UniServerZ\\www\\main.php on line 57
[Mon Nov 13 14:39:53.151970 2023] [php:warn] [pid 14456:tid 1928] [client ::1:57500] PHP Warning:  Undefined variable $caidasc2019 in C:\\Users\\danyv\\OneDrive\\Desktop\\DashboardTransito\\UniServerZ\\www\\main.php on line 58
[Mon Nov 13 14:39:53.151970 2023] [php:warn] [pid 14456:tid 1928] [client ::1:57500] PHP Warning:  Undefined variable $volcaduras2019 in C:\\Users\\danyv\\OneDrive\\Desktop\\DashboardTransito\\UniServerZ\\www\\main.php on line 59
[Mon Nov 13 14:39:53.151970 2023] [php:warn] [pid 14456:tid 1928] [client ::1:57500] PHP Warning:  Undefined variable $caidasp2019 in C:\\Users\\danyv\\OneDrive\\Desktop\\DashboardTransito\\UniServerZ\\www\\main.php on line 60
[Mon Nov 13 14:39:53.151970 2023] [php:warn] [pid 14456:tid 1928] [client ::1:57500] PHP Warning:  Undefined variable $choques2020 in C:\\Users\\danyv\\OneDrive\\Desktop\\DashboardTransito\\UniServerZ\\www\\main.php on line 62
[Mon Nov 13 14:39:53.151970 2023] [php:warn] [pid 14456:tid 1928] [client ::1:57500] PHP Warning:  Undefined variable $derrapes2020 in C:\\Users\\danyv\\OneDrive\\Desktop\\DashboardTransito\\UniServerZ\\www\\main.php on line 63
[Mon Nov 13 14:39:53.151970 2023] [php:warn] [pid 14456:tid 1928] [client ::1:57500] PHP Warning:  Undefined variable $atropellos2020 in C:\\Users\\danyv\\OneDrive\\Desktop\\DashboardTransito\\UniServerZ\\www\\main.php on line 64
[Mon Nov 13 14:39:53.151970 2023] [php:warn] [pid 14456:tid 1928] [client ::1:57500] PHP Warning:  Undefined variable $caidasc2020 in C:\\Users\\danyv\\OneDrive\\Desktop\\DashboardTransito\\UniServerZ\\www\\main.php on line 65
[Mon Nov 13 14:39:53.151970 2023] [php:warn] [pid 14456:tid 1928] [client ::1:57500] PHP Warning:  Undefined variable $volcaduras2020 in C:\\Users\\danyv\\OneDrive\\Desktop\\DashboardTransito\\UniServerZ\\www\\main.php on line 66
[Mon Nov 13 14:39:53.151970 2023] [php:warn] [pid 14456:tid 1928] [client ::1:57500] PHP Warning:  Undefined variable $caidasp2020 in C:\\Users\\danyv\\OneDrive\\Desktop\\DashboardTransito\\UniServerZ\\www\\main.php on line 67
[Mon Nov 13 14:39:53.151970 2023] [php:warn] [pid 14456:tid 1928] [client ::1:57500] PHP Warning:  Undefined variable $choques2021 in C:\\Users\\danyv\\OneDrive\\Desktop\\DashboardTransito\\UniServerZ\\www\\main.php on line 69
[Mon Nov 13 14:39:53.151970 2023] [php:warn] [pid 14456:tid 1928] [client ::1:57500] PHP Warning:  Undefined variable $derrapes2021 in C:\\Users\\danyv\\OneDrive\\Desktop\\DashboardTransito\\UniServerZ\\www\\main.php on line 70
[Mon Nov 13 14:39:53.151970 2023] [php:warn] [pid 14456:tid 1928] [client ::1:57500] PHP Warning:  Undefined variable $atropellos2021 in C:\\Users\\danyv\\OneDrive\\Desktop\\DashboardTransito\\UniServerZ\\www\\main.php on line 71
[Mon Nov 13 14:39:53.151970 2023] [php:warn] [pid 14456:tid 1928] [client ::1:57500] PHP Warning:  Undefined variable $caidasc2021 in C:\\Users\\danyv\\OneDrive\\Desktop\\DashboardTransito\\UniServerZ\\www\\main.php on line 72
[Mon Nov 13 14:39:53.151970 2023] [php:warn] [pid 14456:tid 1928] [client ::1:57500] PHP Warning:  Undefined variable $volcaduras2021 in C:\\Users\\danyv\\OneDrive\\Desktop\\DashboardTransito\\UniServerZ\\www\\main.php on line 73
[Mon Nov 13 14:39:53.151970 2023] [php:warn] [pid 14456:tid 1928] [client ::1:57500] PHP Warning:  Undefined variable $caidasp2021 in C:\\Users\\danyv\\OneDrive\\Desktop\\DashboardTransito\\UniServerZ\\www\\main.php on line 74
[Mon Nov 13 14:39:53.151970 2023] [php:warn] [pid 14456:tid 1928] [client ::1:57500] PHP Warning:  Undefined variable $choques2022 in C:\\Users\\danyv\\OneDrive\\Desktop\\DashboardTransito\\UniServerZ\\www\\main.php on line 76
[Mon Nov 13 14:39:53.151970 2023] [php:warn] [pid 14456:tid 1928] [client ::1:57500] PHP Warning:  Undefined variable $derrapes2022 in C:\\Users\\danyv\\OneDrive\\Desktop\\DashboardTransito\\UniServerZ\\www\\main.php on line 77
[Mon Nov 13 14:39:53.151970 2023] [php:warn] [pid 14456:tid 1928] [client ::1:57500] PHP Warning:  Undefined variable $atropellos2022 in C:\\Users\\danyv\\OneDrive\\Desktop\\DashboardTransito\\UniServerZ\\www\\main.php on line 78
[Mon Nov 13 14:39:53.151970 2023] [php:warn] [pid 14456:tid 1928] [client ::1:57500] PHP Warning:  Undefined variable $caidasc2022 in C:\\Users\\danyv\\OneDrive\\Desktop\\DashboardTransito\\UniServerZ\\www\\main.php on line 79
[Mon Nov 13 14:39:53.151970 2023] [php:warn] [pid 14456:tid 1928] [client ::1:57500] PHP Warning:  Undefined variable $volcaduras2022 in C:\\Users\\danyv\\OneDrive\\Desktop\\DashboardTransito\\UniServerZ\\www\\main.php on line 80
[Mon Nov 13 14:39:53.151970 2023] [php:warn] [pid 14456:tid 1928] [client ::1:57500] PHP Warning:  Undefined variable $caidasp2022 in C:\\Users\\danyv\\OneDrive\\Desktop\\DashboardTransito\\UniServerZ\\www\\main.php on line 81
[Mon Nov 13 14:40:07.390552 2023] [core:warn] [pid 24704:tid 484] AH00098: pid file C:/Users/danyv/OneDrive/Desktop/DashboardTransito/UniServerZ/core/apache2/logs/httpd.pid overwritten -- Unclean shutdown of previous Apache run?
[Mon Nov 13 14:40:07.422594 2023] [mpm_winnt:notice] [pid 24704:tid 484] AH00455: Apache/2.4.53 (Win32) PHP/8.1.6 configured -- resuming normal operations
[Mon Nov 13 14:40:07.422594 2023] [mpm_winnt:notice] [pid 24704:tid 484] AH00456: Apache Lounge VS16 Server built: May  4 2022 09:49:57
[Mon Nov 13 14:40:07.422594 2023] [core:notice] [pid 24704:tid 484] AH00094: Command line: 'C:\\Users\\danyv\\OneDrive\\Desktop\\DashboardTransito\\UniServerZ\\core\\apache2\\bin\\httpd_z.exe -d C:/Users/danyv/OneDrive/Desktop/DashboardTransito/UniServerZ/core/apache2 -f C:\\Users\\danyv\\OneDrive\\Desktop\\DashboardTransito\\UniServerZ\\core\\apache2\\conf\\httpd.conf -d C:\\Users\\danyv\\OneDrive\\Desktop\\DashboardTransito\\UniServerZ\\core\\apache2'
[Mon Nov 13 14:40:07.433841 2023] [mpm_winnt:notice] [pid 24704:tid 484] AH00418: Parent: Created child process 3884
[Mon Nov 13 14:40:07.997019 2023] [mpm_winnt:notice] [pid 3884:tid 440] AH00354: Child: Starting 150 worker threads.
[Mon Nov 13 14:40:29.799429 2023] [php:warn] [pid 3884:tid 1920] [client ::1:57514] PHP Warning:  include(Dashboard.php): Failed to open stream: No such file or directory in C:\\Users\\danyv\\OneDrive\\Desktop\\DashboardTransito\\UniServerZ\\www\\main.php on line 21
[Mon Nov 13 14:40:29.799934 2023] [php:warn] [pid 3884:tid 1920] [client ::1:57514] PHP Warning:  include(): Failed opening 'Dashboard.php' for inclusion (include_path='.;C:/Users/danyv/OneDrive/Desktop/DashboardTransito/UniServerZ/home/us_pear/PEAR') in C:\\Users\\danyv\\OneDrive\\Desktop\\DashboardTransito\\UniServerZ\\www\\main.php on line 21
[Mon Nov 13 14:40:29.799934 2023] [php:warn] [pid 3884:tid 1920] [client ::1:57514] PHP Warning:  Undefined variable $numHombres in C:\\Users\\danyv\\OneDrive\\Desktop\\DashboardTransito\\UniServerZ\\www\\main.php on line 23
[Mon Nov 13 14:40:29.799934 2023] [php:warn] [pid 3884:tid 1920] [client ::1:57514] PHP Warning:  Undefined variable $numMujeres in C:\\Users\\danyv\\OneDrive\\Desktop\\DashboardTransito\\UniServerZ\\www\\main.php on line 24
[Mon Nov 13 14:40:29.799934 2023] [php:warn] [pid 3884:tid 1920] [client ::1:57514] PHP Warning:  Undefined variable $rango0a10 in C:\\Users\\danyv\\OneDrive\\Desktop\\DashboardTransito\\UniServerZ\\www\\main.php on line 26
[Mon Nov 13 14:40:29.799934 2023] [php:warn] [pid 3884:tid 1920] [client ::1:57514] PHP Warning:  Undefined variable $rango10a20 in C:\\Users\\danyv\\OneDrive\\Desktop\\DashboardTransito\\UniServerZ\\www\\main.php on line 27
[Mon Nov 13 14:40:29.799934 2023] [php:warn] [pid 3884:tid 1920] [client ::1:57514] PHP Warning:  Undefined variable $rango20a40 in C:\\Users\\danyv\\OneDrive\\Desktop\\DashboardTransito\\UniServerZ\\www\\main.php on line 28
[Mon Nov 13 14:40:29.799934 2023] [php:warn] [pid 3884:tid 1920] [client ::1:57514] PHP Warning:  Undefined variable $rango40a60 in C:\\Users\\danyv\\OneDrive\\Desktop\\DashboardTransito\\UniServerZ\\www\\main.php on line 29
[Mon Nov 13 14:40:29.799934 2023] [php:warn] [pid 3884:tid 1920] [client ::1:57514] PHP Warning:  Undefined variable $rango60oMas in C:\\Users\\danyv\\OneDrive\\Desktop\\DashboardTransito\\UniServerZ\\www\\main.php on line 30
[Mon Nov 13 14:40:29.799934 2023] [php:warn] [pid 3884:tid 1920] [client ::1:57514] PHP Warning:  Undefined variable $cantidadOccisos in C:\\Users\\danyv\\OneDrive\\Desktop\\DashboardTransito\\UniServerZ\\www\\main.php on line 32
[Mon Nov 13 14:40:29.799934 2023] [php:warn] [pid 3884:tid 1920] [client ::1:57514] PHP Warning:  Undefined variable $cantidadLesionados in C:\\Users\\danyv\\OneDrive\\Desktop\\DashboardTransito\\UniServerZ\\www\\main.php on line 33
[Mon Nov 13 14:40:29.799934 2023] [php:warn] [pid 3884:tid 1920] [client ::1:57514] PHP Warning:  Undefined variable $cantidadnoHeridos in C:\\Users\\danyv\\OneDrive\\Desktop\\DashboardTransito\\UniServerZ\\www\\main.php on line 34
[Mon Nov 13 14:40:29.799934 2023] [php:warn] [pid 3884:tid 1920] [client ::1:57514] PHP Warning:  Undefined variable $cantidadPasajeros in C:\\Users\\danyv\\OneDrive\\Desktop\\DashboardTransito\\UniServerZ\\www\\main.php on line 36
[Mon Nov 13 14:40:29.799934 2023] [php:warn] [pid 3884:tid 1920] [client ::1:57514] PHP Warning:  Undefined variable $cantidadConductores in C:\\Users\\danyv\\OneDrive\\Desktop\\DashboardTransito\\UniServerZ\\www\\main.php on line 37
[Mon Nov 13 14:40:29.799934 2023] [php:warn] [pid 3884:tid 1920] [client ::1:57514] PHP Warning:  Undefined variable $cantidadPeatones in C:\\Users\\danyv\\OneDrive\\Desktop\\DashboardTransito\\UniServerZ\\www\\main.php on line 38
[Mon Nov 13 14:40:29.799934 2023] [php:warn] [pid 3884:tid 1920] [client ::1:57514] PHP Warning:  Undefined variable $cantidadCiclista in C:\\Users\\danyv\\OneDrive\\Desktop\\DashboardTransito\\UniServerZ\\www\\main.php on line 39
[Mon Nov 13 14:40:29.799934 2023] [php:warn] [pid 3884:tid 1920] [client ::1:57514] PHP Warning:  Undefined variable $cantidadMotociclista in C:\\Users\\danyv\\OneDrive\\Desktop\\DashboardTransito\\UniServerZ\\www\\main.php on line 40
[Mon Nov 13 14:40:29.799934 2023] [php:warn] [pid 3884:tid 1920] [client ::1:57514] PHP Warning:  Undefined variable $cantidadPasajerosLesionados in C:\\Users\\danyv\\OneDrive\\Desktop\\DashboardTransito\\UniServerZ\\www\\main.php on line 42
[Mon Nov 13 14:40:29.799934 2023] [php:warn] [pid 3884:tid 1920] [client ::1:57514] PHP Warning:  Undefined variable $cantidadConductoresLesionados in C:\\Users\\danyv\\OneDrive\\Desktop\\DashboardTransito\\UniServerZ\\www\\main.php on line 43
[Mon Nov 13 14:40:29.799934 2023] [php:warn] [pid 3884:tid 1920] [client ::1:57514] PHP Warning:  Undefined variable $cantidadPeatonesLesionados in C:\\Users\\danyv\\OneDrive\\Desktop\\DashboardTransito\\UniServerZ\\www\\main.php on line 44
[Mon Nov 13 14:40:29.799934 2023] [php:warn] [pid 3884:tid 1920] [client ::1:57514] PHP Warning:  Undefined variable $cantidadCiclistaLesionados in C:\\Users\\danyv\\OneDrive\\Desktop\\DashboardTransito\\UniServerZ\\www\\main.php on line 45
[Mon Nov 13 14:40:29.799934 2023] [php:warn] [pid 3884:tid 1920] [client ::1:57514] PHP Warning:  Undefined variable $cantidadMotociclistaLesionados in C:\\Users\\danyv\\OneDrive\\Desktop\\DashboardTransito\\UniServerZ\\www\\main.php on line 46
[Mon Nov 13 14:40:29.799934 2023] [php:warn] [pid 3884:tid 1920] [client ::1:57514] PHP Warning:  Undefined variable $choques2018 in C:\\Users\\danyv\\OneDrive\\Desktop\\DashboardTransito\\UniServerZ\\www\\main.php on line 48
[Mon Nov 13 14:40:29.799934 2023] [php:warn] [pid 3884:tid 1920] [client ::1:57514] PHP Warning:  Undefined variable $derrapes2018 in C:\\Users\\danyv\\OneDrive\\Desktop\\DashboardTransito\\UniServerZ\\www\\main.php on line 49
[Mon Nov 13 14:40:29.799934 2023] [php:warn] [pid 3884:tid 1920] [client ::1:57514] PHP Warning:  Undefined variable $atropellos2018 in C:\\Users\\danyv\\OneDrive\\Desktop\\DashboardTransito\\UniServerZ\\www\\main.php on line 50
[Mon Nov 13 14:40:29.799934 2023] [php:warn] [pid 3884:tid 1920] [client ::1:57514] PHP Warning:  Undefined variable $caidasc2018 in C:\\Users\\danyv\\OneDrive\\Desktop\\DashboardTransito\\UniServerZ\\www\\main.php on line 51
[Mon Nov 13 14:40:29.799934 2023] [php:warn] [pid 3884:tid 1920] [client ::1:57514] PHP Warning:  Undefined variable $volcaduras2018 in C:\\Users\\danyv\\OneDrive\\Desktop\\DashboardTransito\\UniServerZ\\www\\main.php on line 52
[Mon Nov 13 14:40:29.799934 2023] [php:warn] [pid 3884:tid 1920] [client ::1:57514] PHP Warning:  Undefined variable $caidasp2018 in C:\\Users\\danyv\\OneDrive\\Desktop\\DashboardTransito\\UniServerZ\\www\\main.php on line 53
[Mon Nov 13 14:40:29.799934 2023] [php:warn] [pid 3884:tid 1920] [client ::1:57514] PHP Warning:  Undefined variable $choques2019 in C:\\Users\\danyv\\OneDrive\\Desktop\\DashboardTransito\\UniServerZ\\www\\main.php on line 55
[Mon Nov 13 14:40:29.799934 2023] [php:warn] [pid 3884:tid 1920] [client ::1:57514] PHP Warning:  Undefined variable $derrapes2019 in C:\\Users\\danyv\\OneDrive\\Desktop\\DashboardTransito\\UniServerZ\\www\\main.php on line 56
[Mon Nov 13 14:40:29.799934 2023] [php:warn] [pid 3884:tid 1920] [client ::1:57514] PHP Warning:  Undefined variable $atropellos2019 in C:\\Users\\danyv\\OneDrive\\Desktop\\DashboardTransito\\UniServerZ\\www\\main.php on line 57
[Mon Nov 13 14:40:29.799934 2023] [php:warn] [pid 3884:tid 1920] [client ::1:57514] PHP Warning:  Undefined variable $caidasc2019 in C:\\Users\\danyv\\OneDrive\\Desktop\\DashboardTransito\\UniServerZ\\www\\main.php on line 58
[Mon Nov 13 14:40:29.799934 2023] [php:warn] [pid 3884:tid 1920] [client ::1:57514] PHP Warning:  Undefined variable $volcaduras2019 in C:\\Users\\danyv\\OneDrive\\Desktop\\DashboardTransito\\UniServerZ\\www\\main.php on line 59
[Mon Nov 13 14:40:29.799934 2023] [php:warn] [pid 3884:tid 1920] [client ::1:57514] PHP Warning:  Undefined variable $caidasp2019 in C:\\Users\\danyv\\OneDrive\\Desktop\\DashboardTransito\\UniServerZ\\www\\main.php on line 60
[Mon Nov 13 14:40:29.799934 2023] [php:warn] [pid 3884:tid 1920] [client ::1:57514] PHP Warning:  Undefined variable $choques2020 in C:\\Users\\danyv\\OneDrive\\Desktop\\DashboardTransito\\UniServerZ\\www\\main.php on line 62
[Mon Nov 13 14:40:29.799934 2023] [php:warn] [pid 3884:tid 1920] [client ::1:57514] PHP Warning:  Undefined variable $derrapes2020 in C:\\Users\\danyv\\OneDrive\\Desktop\\DashboardTransito\\UniServerZ\\www\\main.php on line 63
[Mon Nov 13 14:40:29.799934 2023] [php:warn] [pid 3884:tid 1920] [client ::1:57514] PHP Warning:  Undefined variable $atropellos2020 in C:\\Users\\danyv\\OneDrive\\Desktop\\DashboardTransito\\UniServerZ\\www\\main.php on line 64
[Mon Nov 13 14:40:29.799934 2023] [php:warn] [pid 3884:tid 1920] [client ::1:57514] PHP Warning:  Undefined variable $caidasc2020 in C:\\Users\\danyv\\OneDrive\\Desktop\\DashboardTransito\\UniServerZ\\www\\main.php on line 65
[Mon Nov 13 14:40:29.799934 2023] [php:warn] [pid 3884:tid 1920] [client ::1:57514] PHP Warning:  Undefined variable $volcaduras2020 in C:\\Users\\danyv\\OneDrive\\Desktop\\DashboardTransito\\UniServerZ\\www\\main.php on line 66
[Mon Nov 13 14:40:29.799934 2023] [php:warn] [pid 3884:tid 1920] [client ::1:57514] PHP Warning:  Undefined variable $caidasp2020 in C:\\Users\\danyv\\OneDrive\\Desktop\\DashboardTransito\\UniServerZ\\www\\main.php on line 67
[Mon Nov 13 14:40:29.799934 2023] [php:warn] [pid 3884:tid 1920] [client ::1:57514] PHP Warning:  Undefined variable $choques2021 in C:\\Users\\danyv\\OneDrive\\Desktop\\DashboardTransito\\UniServerZ\\www\\main.php on line 69
[Mon Nov 13 14:40:29.799934 2023] [php:warn] [pid 3884:tid 1920] [client ::1:57514] PHP Warning:  Undefined variable $derrapes2021 in C:\\Users\\danyv\\OneDrive\\Desktop\\DashboardTransito\\UniServerZ\\www\\main.php on line 70
[Mon Nov 13 14:40:29.799934 2023] [php:warn] [pid 3884:tid 1920] [client ::1:57514] PHP Warning:  Undefined variable $atropellos2021 in C:\\Users\\danyv\\OneDrive\\Desktop\\DashboardTransito\\UniServerZ\\www\\main.php on line 71
[Mon Nov 13 14:40:29.799934 2023] [php:warn] [pid 3884:tid 1920] [client ::1:57514] PHP Warning:  Undefined variable $caidasc2021 in C:\\Users\\danyv\\OneDrive\\Desktop\\DashboardTransito\\UniServerZ\\www\\main.php on line 72
[Mon Nov 13 14:40:29.799934 2023] [php:warn] [pid 3884:tid 1920] [client ::1:57514] PHP Warning:  Undefined variable $volcaduras2021 in C:\\Users\\danyv\\OneDrive\\Desktop\\DashboardTransito\\UniServerZ\\www\\main.php on line 73
[Mon Nov 13 14:40:29.799934 2023] [php:warn] [pid 3884:tid 1920] [client ::1:57514] PHP Warning:  Undefined variable $caidasp2021 in C:\\Users\\danyv\\OneDrive\\Desktop\\DashboardTransito\\UniServerZ\\www\\main.php on line 74
[Mon Nov 13 14:40:29.799934 2023] [php:warn] [pid 3884:tid 1920] [client ::1:57514] PHP Warning:  Undefined variable $choques2022 in C:\\Users\\danyv\\OneDrive\\Desktop\\DashboardTransito\\UniServerZ\\www\\main.php on line 76
[Mon Nov 13 14:40:29.799934 2023] [php:warn] [pid 3884:tid 1920] [client ::1:57514] PHP Warning:  Undefined variable $derrapes2022 in C:\\Users\\danyv\\OneDrive\\Desktop\\DashboardTransito\\UniServerZ\\www\\main.php on line 77
[Mon Nov 13 14:40:29.799934 2023] [php:warn] [pid 3884:tid 1920] [client ::1:57514] PHP Warning:  Undefined variable $atropellos2022 in C:\\Users\\danyv\\OneDrive\\Desktop\\DashboardTransito\\UniServerZ\\www\\main.php on line 78
[Mon Nov 13 14:40:29.799934 2023] [php:warn] [pid 3884:tid 1920] [client ::1:57514] PHP Warning:  Undefined variable $caidasc2022 in C:\\Users\\danyv\\OneDrive\\Desktop\\DashboardTransito\\UniServerZ\\www\\main.php on line 79
[Mon Nov 13 14:40:29.799934 2023] [php:warn] [pid 3884:tid 1920] [client ::1:57514] PHP Warning:  Undefined variable $volcaduras2022 in C:\\Users\\danyv\\OneDrive\\Desktop\\DashboardTransito\\UniServerZ\\www\\main.php on line 80
[Mon Nov 13 14:40:29.799934 2023] [php:warn] [pid 3884:tid 1920] [client ::1:57514] PHP Warning:  Undefined variable $caidasp2022 in C:\\Users\\danyv\\OneDrive\\Desktop\\DashboardTransito\\UniServerZ\\www\\main.php on line 81
[Mon Nov 13 14:41:31.214867 2023] [php:warn] [pid 3884:tid 1920] [client ::1:57524] PHP Warning:  include(Dashboard.php): Failed to open stream: No such file or directory in C:\\Users\\danyv\\OneDrive\\Desktop\\DashboardTransito\\UniServerZ\\www\\main.php on line 21
[Mon Nov 13 14:41:31.214867 2023] [php:warn] [pid 3884:tid 1920] [client ::1:57524] PHP Warning:  include(): Failed opening 'Dashboard.php' for inclusion (include_path='.;C:/Users/danyv/OneDrive/Desktop/DashboardTransito/UniServerZ/home/us_pear/PEAR') in C:\\Users\\danyv\\OneDrive\\Desktop\\DashboardTransito\\UniServerZ\\www\\main.php on line 21
[Mon Nov 13 14:41:31.214867 2023] [php:warn] [pid 3884:tid 1920] [client ::1:57524] PHP Warning:  Undefined variable $numHombres in C:\\Users\\danyv\\OneDrive\\Desktop\\DashboardTransito\\UniServerZ\\www\\main.php on line 23
[Mon Nov 13 14:41:31.214867 2023] [php:warn] [pid 3884:tid 1920] [client ::1:57524] PHP Warning:  Undefined variable $numMujeres in C:\\Users\\danyv\\OneDrive\\Desktop\\DashboardTransito\\UniServerZ\\www\\main.php on line 24
[Mon Nov 13 14:41:31.214867 2023] [php:warn] [pid 3884:tid 1920] [client ::1:57524] PHP Warning:  Undefined variable $rango0a10 in C:\\Users\\danyv\\OneDrive\\Desktop\\DashboardTransito\\UniServerZ\\www\\main.php on line 26
[Mon Nov 13 14:41:31.214867 2023] [php:warn] [pid 3884:tid 1920] [client ::1:57524] PHP Warning:  Undefined variable $rango10a20 in C:\\Users\\danyv\\OneDrive\\Desktop\\DashboardTransito\\UniServerZ\\www\\main.php on line 27
[Mon Nov 13 14:41:31.214867 2023] [php:warn] [pid 3884:tid 1920] [client ::1:57524] PHP Warning:  Undefined variable $rango20a40 in C:\\Users\\danyv\\OneDrive\\Desktop\\DashboardTransito\\UniServerZ\\www\\main.php on line 28
[Mon Nov 13 14:41:31.214867 2023] [php:warn] [pid 3884:tid 1920] [client ::1:57524] PHP Warning:  Undefined variable $rango40a60 in C:\\Users\\danyv\\OneDrive\\Desktop\\DashboardTransito\\UniServerZ\\www\\main.php on line 29
[Mon Nov 13 14:41:31.214867 2023] [php:warn] [pid 3884:tid 1920] [client ::1:57524] PHP Warning:  Undefined variable $rango60oMas in C:\\Users\\danyv\\OneDrive\\Desktop\\DashboardTransito\\UniServerZ\\www\\main.php on line 30
[Mon Nov 13 14:41:31.214867 2023] [php:warn] [pid 3884:tid 1920] [client ::1:57524] PHP Warning:  Undefined variable $cantidadOccisos in C:\\Users\\danyv\\OneDrive\\Desktop\\DashboardTransito\\UniServerZ\\www\\main.php on line 32
[Mon Nov 13 14:41:31.215865 2023] [php:warn] [pid 3884:tid 1920] [client ::1:57524] PHP Warning:  Undefined variable $cantidadLesionados in C:\\Users\\danyv\\OneDrive\\Desktop\\DashboardTransito\\UniServerZ\\www\\main.php on line 33
[Mon Nov 13 14:41:31.215865 2023] [php:warn] [pid 3884:tid 1920] [client ::1:57524] PHP Warning:  Undefined variable $cantidadnoHeridos in C:\\Users\\danyv\\OneDrive\\Desktop\\DashboardTransito\\UniServerZ\\www\\main.php on line 34
[Mon Nov 13 14:41:31.215865 2023] [php:warn] [pid 3884:tid 1920] [client ::1:57524] PHP Warning:  Undefined variable $cantidadPasajeros in C:\\Users\\danyv\\OneDrive\\Desktop\\DashboardTransito\\UniServerZ\\www\\main.php on line 36
[Mon Nov 13 14:41:31.215865 2023] [php:warn] [pid 3884:tid 1920] [client ::1:57524] PHP Warning:  Undefined variable $cantidadConductores in C:\\Users\\danyv\\OneDrive\\Desktop\\DashboardTransito\\UniServerZ\\www\\main.php on line 37
[Mon Nov 13 14:41:31.215865 2023] [php:warn] [pid 3884:tid 1920] [client ::1:57524] PHP Warning:  Undefined variable $cantidadPeatones in C:\\Users\\danyv\\OneDrive\\Desktop\\DashboardTransito\\UniServerZ\\www\\main.php on line 38
[Mon Nov 13 14:41:31.215865 2023] [php:warn] [pid 3884:tid 1920] [client ::1:57524] PHP Warning:  Undefined variable $cantidadCiclista in C:\\Users\\danyv\\OneDrive\\Desktop\\DashboardTransito\\UniServerZ\\www\\main.php on line 39
[Mon Nov 13 14:41:31.215865 2023] [php:warn] [pid 3884:tid 1920] [client ::1:57524] PHP Warning:  Undefined variable $cantidadMotociclista in C:\\Users\\danyv\\OneDrive\\Desktop\\DashboardTransito\\UniServerZ\\www\\main.php on line 40
[Mon Nov 13 14:41:31.215865 2023] [php:warn] [pid 3884:tid 1920] [client ::1:57524] PHP Warning:  Undefined variable $cantidadPasajerosLesionados in C:\\Users\\danyv\\OneDrive\\Desktop\\DashboardTransito\\UniServerZ\\www\\main.php on line 42
[Mon Nov 13 14:41:31.215865 2023] [php:warn] [pid 3884:tid 1920] [client ::1:57524] PHP Warning:  Undefined variable $cantidadConductoresLesionados in C:\\Users\\danyv\\OneDrive\\Desktop\\DashboardTransito\\UniServerZ\\www\\main.php on line 43
[Mon Nov 13 14:41:31.215865 2023] [php:warn] [pid 3884:tid 1920] [client ::1:57524] PHP Warning:  Undefined variable $cantidadPeatonesLesionados in C:\\Users\\danyv\\OneDrive\\Desktop\\DashboardTransito\\UniServerZ\\www\\main.php on line 44
[Mon Nov 13 14:41:31.215865 2023] [php:warn] [pid 3884:tid 1920] [client ::1:57524] PHP Warning:  Undefined variable $cantidadCiclistaLesionados in C:\\Users\\danyv\\OneDrive\\Desktop\\DashboardTransito\\UniServerZ\\www\\main.php on line 45
[Mon Nov 13 14:41:31.215865 2023] [php:warn] [pid 3884:tid 1920] [client ::1:57524] PHP Warning:  Undefined variable $cantidadMotociclistaLesionados in C:\\Users\\danyv\\OneDrive\\Desktop\\DashboardTransito\\UniServerZ\\www\\main.php on line 46
[Mon Nov 13 14:41:31.215865 2023] [php:warn] [pid 3884:tid 1920] [client ::1:57524] PHP Warning:  Undefined variable $choques2018 in C:\\Users\\danyv\\OneDrive\\Desktop\\DashboardTransito\\UniServerZ\\www\\main.php on line 48
[Mon Nov 13 14:41:31.215865 2023] [php:warn] [pid 3884:tid 1920] [client ::1:57524] PHP Warning:  Undefined variable $derrapes2018 in C:\\Users\\danyv\\OneDrive\\Desktop\\DashboardTransito\\UniServerZ\\www\\main.php on line 49
[Mon Nov 13 14:41:31.215865 2023] [php:warn] [pid 3884:tid 1920] [client ::1:57524] PHP Warning:  Undefined variable $atropellos2018 in C:\\Users\\danyv\\OneDrive\\Desktop\\DashboardTransito\\UniServerZ\\www\\main.php on line 50
[Mon Nov 13 14:41:31.215865 2023] [php:warn] [pid 3884:tid 1920] [client ::1:57524] PHP Warning:  Undefined variable $caidasc2018 in C:\\Users\\danyv\\OneDrive\\Desktop\\DashboardTransito\\UniServerZ\\www\\main.php on line 51
[Mon Nov 13 14:41:31.215865 2023] [php:warn] [pid 3884:tid 1920] [client ::1:57524] PHP Warning:  Undefined variable $volcaduras2018 in C:\\Users\\danyv\\OneDrive\\Desktop\\DashboardTransito\\UniServerZ\\www\\main.php on line 52
[Mon Nov 13 14:41:31.215865 2023] [php:warn] [pid 3884:tid 1920] [client ::1:57524] PHP Warning:  Undefined variable $caidasp2018 in C:\\Users\\danyv\\OneDrive\\Desktop\\DashboardTransito\\UniServerZ\\www\\main.php on line 53
[Mon Nov 13 14:41:31.215865 2023] [php:warn] [pid 3884:tid 1920] [client ::1:57524] PHP Warning:  Undefined variable $choques2019 in C:\\Users\\danyv\\OneDrive\\Desktop\\DashboardTransito\\UniServerZ\\www\\main.php on line 55
[Mon Nov 13 14:41:31.215865 2023] [php:warn] [pid 3884:tid 1920] [client ::1:57524] PHP Warning:  Undefined variable $derrapes2019 in C:\\Users\\danyv\\OneDrive\\Desktop\\DashboardTransito\\UniServerZ\\www\\main.php on line 56
[Mon Nov 13 14:41:31.215865 2023] [php:warn] [pid 3884:tid 1920] [client ::1:57524] PHP Warning:  Undefined variable $atropellos2019 in C:\\Users\\danyv\\OneDrive\\Desktop\\DashboardTransito\\UniServerZ\\www\\main.php on line 57
[Mon Nov 13 14:41:31.215865 2023] [php:warn] [pid 3884:tid 1920] [client ::1:57524] PHP Warning:  Undefined variable $caidasc2019 in C:\\Users\\danyv\\OneDrive\\Desktop\\DashboardTransito\\UniServerZ\\www\\main.php on line 58
[Mon Nov 13 14:41:31.215865 2023] [php:warn] [pid 3884:tid 1920] [client ::1:57524] PHP Warning:  Undefined variable $volcaduras2019 in C:\\Users\\danyv\\OneDrive\\Desktop\\DashboardTransito\\UniServerZ\\www\\main.php on line 59
[Mon Nov 13 14:41:31.215865 2023] [php:warn] [pid 3884:tid 1920] [client ::1:57524] PHP Warning:  Undefined variable $caidasp2019 in C:\\Users\\danyv\\OneDrive\\Desktop\\DashboardTransito\\UniServerZ\\www\\main.php on line 60
[Mon Nov 13 14:41:31.215865 2023] [php:warn] [pid 3884:tid 1920] [client ::1:57524] PHP Warning:  Undefined variable $choques2020 in C:\\Users\\danyv\\OneDrive\\Desktop\\DashboardTransito\\UniServerZ\\www\\main.php on line 62
[Mon Nov 13 14:41:31.215865 2023] [php:warn] [pid 3884:tid 1920] [client ::1:57524] PHP Warning:  Undefined variable $derrapes2020 in C:\\Users\\danyv\\OneDrive\\Desktop\\DashboardTransito\\UniServerZ\\www\\main.php on line 63
[Mon Nov 13 14:41:31.215865 2023] [php:warn] [pid 3884:tid 1920] [client ::1:57524] PHP Warning:  Undefined variable $atropellos2020 in C:\\Users\\danyv\\OneDrive\\Desktop\\DashboardTransito\\UniServerZ\\www\\main.php on line 64
[Mon Nov 13 14:41:31.215865 2023] [php:warn] [pid 3884:tid 1920] [client ::1:57524] PHP Warning:  Undefined variable $caidasc2020 in C:\\Users\\danyv\\OneDrive\\Desktop\\DashboardTransito\\UniServerZ\\www\\main.php on line 65
[Mon Nov 13 14:41:31.215865 2023] [php:warn] [pid 3884:tid 1920] [client ::1:57524] PHP Warning:  Undefined variable $volcaduras2020 in C:\\Users\\danyv\\OneDrive\\Desktop\\DashboardTransito\\UniServerZ\\www\\main.php on line 66
[Mon Nov 13 14:41:31.215865 2023] [php:warn] [pid 3884:tid 1920] [client ::1:57524] PHP Warning:  Undefined variable $caidasp2020 in C:\\Users\\danyv\\OneDrive\\Desktop\\DashboardTransito\\UniServerZ\\www\\main.php on line 67
[Mon Nov 13 14:41:31.215865 2023] [php:warn] [pid 3884:tid 1920] [client ::1:57524] PHP Warning:  Undefined variable $choques2021 in C:\\Users\\danyv\\OneDrive\\Desktop\\DashboardTransito\\UniServerZ\\www\\main.php on line 69
[Mon Nov 13 14:41:31.215865 2023] [php:warn] [pid 3884:tid 1920] [client ::1:57524] PHP Warning:  Undefined variable $derrapes2021 in C:\\Users\\danyv\\OneDrive\\Desktop\\DashboardTransito\\UniServerZ\\www\\main.php on line 70
[Mon Nov 13 14:41:31.215865 2023] [php:warn] [pid 3884:tid 1920] [client ::1:57524] PHP Warning:  Undefined variable $atropellos2021 in C:\\Users\\danyv\\OneDrive\\Desktop\\DashboardTransito\\UniServerZ\\www\\main.php on line 71
[Mon Nov 13 14:41:31.215865 2023] [php:warn] [pid 3884:tid 1920] [client ::1:57524] PHP Warning:  Undefined variable $caidasc2021 in C:\\Users\\danyv\\OneDrive\\Desktop\\DashboardTransito\\UniServerZ\\www\\main.php on line 72
[Mon Nov 13 14:41:31.215865 2023] [php:warn] [pid 3884:tid 1920] [client ::1:57524] PHP Warning:  Undefined variable $volcaduras2021 in C:\\Users\\danyv\\OneDrive\\Desktop\\DashboardTransito\\UniServerZ\\www\\main.php on line 73
[Mon Nov 13 14:41:31.215865 2023] [php:warn] [pid 3884:tid 1920] [client ::1:57524] PHP Warning:  Undefined variable $caidasp2021 in C:\\Users\\danyv\\OneDrive\\Desktop\\DashboardTransito\\UniServerZ\\www\\main.php on line 74
[Mon Nov 13 14:41:31.215865 2023] [php:warn] [pid 3884:tid 1920] [client ::1:57524] PHP Warning:  Undefined variable $choques2022 in C:\\Users\\danyv\\OneDrive\\Desktop\\DashboardTransito\\UniServerZ\\www\\main.php on line 76
[Mon Nov 13 14:41:31.215865 2023] [php:warn] [pid 3884:tid 1920] [client ::1:57524] PHP Warning:  Undefined variable $derrapes2022 in C:\\Users\\danyv\\OneDrive\\Desktop\\DashboardTransito\\UniServerZ\\www\\main.php on line 77
[Mon Nov 13 14:41:31.215865 2023] [php:warn] [pid 3884:tid 1920] [client ::1:57524] PHP Warning:  Undefined variable $atropellos2022 in C:\\Users\\danyv\\OneDrive\\Desktop\\DashboardTransito\\UniServerZ\\www\\main.php on line 78
[Mon Nov 13 14:41:31.215865 2023] [php:warn] [pid 3884:tid 1920] [client ::1:57524] PHP Warning:  Undefined variable $caidasc2022 in C:\\Users\\danyv\\OneDrive\\Desktop\\DashboardTransito\\UniServerZ\\www\\main.php on line 79
[Mon Nov 13 14:41:31.215865 2023] [php:warn] [pid 3884:tid 1920] [client ::1:57524] PHP Warning:  Undefined variable $volcaduras2022 in C:\\Users\\danyv\\OneDrive\\Desktop\\DashboardTransito\\UniServerZ\\www\\main.php on line 80
[Mon Nov 13 14:41:31.215865 2023] [php:warn] [pid 3884:tid 1920] [client ::1:57524] PHP Warning:  Undefined variable $caidasp2022 in C:\\Users\\danyv\\OneDrive\\Desktop\\DashboardTransito\\UniServerZ\\www\\main.php on line 81
